{"uid":"9343c59edc288e7","name":"test_github","fullName":"tests.test_selene#test_github","historyId":"5167f7c71535600a353c42dca9c39857","time":{"start":1689870335019,"stop":1689870339364,"duration":4345},"status":"passed","flaky":false,"newFailed":false,"newBroken":false,"newPassed":false,"retriesCount":0,"retriesStatusChange":false,"beforeStages":[{"name":"browser_management","time":{"start":1689870335019,"stop":1689870335019,"duration":0},"status":"passed","steps":[],"attachments":[],"parameters":[],"stepsCount":0,"attachmentsCount":0,"shouldDisplayMessage":false,"hasContent":false}],"afterStages":[{"name":"browser_management::0","time":{"start":1689870339364,"stop":1689870339426,"duration":62},"status":"passed","steps":[],"attachments":[],"parameters":[],"stepsCount":0,"attachmentsCount":0,"shouldDisplayMessage":false,"hasContent":false}],"labels":[{"name":"parentSuite","value":"tests"},{"name":"suite","value":"test_selene"},{"name":"host","value":"fv-az422-746"},{"name":"thread","value":"2352-MainThread"},{"name":"framework","value":"pytest"},{"name":"language","value":"cpython3"},{"name":"package","value":"tests.test_selene"},{"name":"resultFormat","value":"allure2"}],"parameters":[],"links":[],"hidden":false,"retry":false,"extra":{"severity":"normal","retries":[],"categories":[],"history":{"statistic":{"failed":1,"broken":0,"skipped":0,"passed":3,"unknown":0,"total":4},"items":[{"uid":"5cdd36a167631101","reportUrl":"https://DaryaAndro.github.io/qa_guru_homework_python_6_9/10//#testresult/5cdd36a167631101","status":"passed","time":{"start":1688997764383,"stop":1688997769296,"duration":4913}},{"uid":"7b9f198ea5815d9b","reportUrl":"https://DaryaAndro.github.io/qa_guru_homework_python_6_9/9//#testresult/7b9f198ea5815d9b","status":"passed","time":{"start":1688996732561,"stop":1688996738280,"duration":5719}},{"uid":"579ca1f13cc4ee84","reportUrl":"https://DaryaAndro.github.io/qa_guru_homework_python_6_9/9//#testresult/579ca1f13cc4ee84","status":"failed","statusDetails":"selene.core.exceptions.TimeoutException: Message: \n\nTimed out after 4s, while waiting for:\nbrowser.element(('link text', 'eroshenkoam/allure-example')).click\n\nReason: NoSuchElementException: Message: no such element: Unable to locate element: {\"method\":\"link text\",\"selector\":\"eroshenkoam/allure-example\"}\n  (Session info: chrome=114.0.5735.198); For documentation on this error, please visit: https://www.selenium.dev/documentation/webdriver/troubleshooting/errors#no-such-element-exception\nStacktrace:\n#0 0x561bf86fe4e3 <unknown>\n#1 0x561bf842dc76 <unknown>\n#2 0x561bf8469c96 <unknown>\n#3 0x561bf8469dc1 <unknown>\n#4 0x561bf84a37f4 <unknown>\n#5 0x561bf848903d <unknown>\n#6 0x561bf84a130e <unknown>\n#7 0x561bf8488de3 <unknown>\n#8 0x561bf845e2dd <unknown>\n#9 0x561bf845f34e <unknown>\n#10 0x561bf86be3e4 <unknown>\n#11 0x561bf86c23d7 <unknown>\n#12 0x561bf86ccb20 <unknown>\n#13 0x561bf86c3023 <unknown>\n#14 0x561bf86911aa <unknown>\n#15 0x561bf86e76b8 <unknown>\n#16 0x561bf86e7847 <unknown>\n#17 0x561bf86f7243 <unknown>\n#18 0x7f17b260ab43 <unknown>\n\nScreenshot: file:///home/runner/.selene/screenshots/1688995488569/1688995488571.png\nPageSource: file:///home/runner/.selene/screenshots/1688995488569/1688995488571.html","time":{"start":1688995505324,"stop":1688995512210,"duration":6886}}]},"tags":[]},"source":"9343c59edc288e7.json","parameterValues":[]}