{"uid":"4b4757e66a1912dae1a509f688f20b0f","children":[{"name":"Product defects","children":[{"name":"selene.core.exceptions.TimeoutException: Message: \n\nTimed out after 4s, while waiting for:\nbrowser.element(('link text', 'eroshenkoam/allure-example')).click\n\nReason: NoSuchElementException: Message: no such element: Unable to locate element: {\"method\":\"link text\",\"selector\":\"eroshenkoam/allure-example\"}\n  (Session info: chrome=114.0.5735.198); For documentation on this error, please visit: https://www.selenium.dev/documentation/webdriver/troubleshooting/errors#no-such-element-exception\nStacktrace:\n#0 0x560c8ce6b4e3 <unknown>\n#1 0x560c8cb9ac76 <unknown>\n#2 0x560c8cbd6c96 <unknown>\n#3 0x560c8cbd6dc1 <unknown>\n#4 0x560c8cc107f4 <unknown>\n#5 0x560c8cbf603d <unknown>\n#6 0x560c8cc0e30e <unknown>\n#7 0x560c8cbf5de3 <unknown>\n#8 0x560c8cbcb2dd <unknown>\n#9 0x560c8cbcc34e <unknown>\n#10 0x560c8ce2b3e4 <unknown>\n#11 0x560c8ce2f3d7 <unknown>\n#12 0x560c8ce39b20 <unknown>\n#13 0x560c8ce30023 <unknown>\n#14 0x560c8cdfe1aa <unknown>\n#15 0x560c8ce546b8 <unknown>\n#16 0x560c8ce54847 <unknown>\n#17 0x560c8ce64243 <unknown>\n#18 0x7fba5c789b43 <unknown>\n\nScreenshot: file:///home/runner/.selene/screenshots/1688995488569/1688995488569.png\nPageSource: file:///home/runner/.selene/screenshots/1688995488569/1688995488569.html","children":[{"name":"test_decorator_steps","uid":"2680ba93b9a83656","parentUid":"853b9a2ddd62284ddd03b6a0e37e8f24","status":"failed","time":{"start":1688995488604,"stop":1688995497358,"duration":8754},"flaky":false,"newFailed":false,"newPassed":false,"newBroken":false,"retriesCount":0,"retriesStatusChange":false,"parameters":[]}],"uid":"853b9a2ddd62284ddd03b6a0e37e8f24"},{"name":"selene.core.exceptions.TimeoutException: Message: \n\nTimed out after 4s, while waiting for:\nbrowser.element(('link text', 'eroshenkoam/allure-example')).click\n\nReason: NoSuchElementException: Message: no such element: Unable to locate element: {\"method\":\"link text\",\"selector\":\"eroshenkoam/allure-example\"}\n  (Session info: chrome=114.0.5735.198); For documentation on this error, please visit: https://www.selenium.dev/documentation/webdriver/troubleshooting/errors#no-such-element-exception\nStacktrace:\n#0 0x56355e6ce4e3 <unknown>\n#1 0x56355e3fdc76 <unknown>\n#2 0x56355e439c96 <unknown>\n#3 0x56355e439dc1 <unknown>\n#4 0x56355e4737f4 <unknown>\n#5 0x56355e45903d <unknown>\n#6 0x56355e47130e <unknown>\n#7 0x56355e458de3 <unknown>\n#8 0x56355e42e2dd <unknown>\n#9 0x56355e42f34e <unknown>\n#10 0x56355e68e3e4 <unknown>\n#11 0x56355e6923d7 <unknown>\n#12 0x56355e69cb20 <unknown>\n#13 0x56355e693023 <unknown>\n#14 0x56355e6611aa <unknown>\n#15 0x56355e6b76b8 <unknown>\n#16 0x56355e6b7847 <unknown>\n#17 0x56355e6c7243 <unknown>\n#18 0x7f9d5c10cb43 <unknown>\n\nScreenshot: file:///home/runner/.selene/screenshots/1688995488569/1688995488570.png\nPageSource: file:///home/runner/.selene/screenshots/1688995488569/1688995488570.html","children":[{"name":"test_dynamic_steps","uid":"d40b52f55490b87d","parentUid":"089c8d13656ba3fb05697def503fef06","status":"failed","time":{"start":1688995497524,"stop":1688995504200,"duration":6676},"flaky":false,"newFailed":false,"newPassed":false,"newBroken":false,"retriesCount":0,"retriesStatusChange":false,"parameters":[]}],"uid":"089c8d13656ba3fb05697def503fef06"},{"name":"selene.core.exceptions.TimeoutException: Message: \n\nTimed out after 4s, while waiting for:\nbrowser.element(('link text', 'eroshenkoam/allure-example')).click\n\nReason: NoSuchElementException: Message: no such element: Unable to locate element: {\"method\":\"link text\",\"selector\":\"eroshenkoam/allure-example\"}\n  (Session info: chrome=114.0.5735.198); For documentation on this error, please visit: https://www.selenium.dev/documentation/webdriver/troubleshooting/errors#no-such-element-exception\nStacktrace:\n#0 0x561bf86fe4e3 <unknown>\n#1 0x561bf842dc76 <unknown>\n#2 0x561bf8469c96 <unknown>\n#3 0x561bf8469dc1 <unknown>\n#4 0x561bf84a37f4 <unknown>\n#5 0x561bf848903d <unknown>\n#6 0x561bf84a130e <unknown>\n#7 0x561bf8488de3 <unknown>\n#8 0x561bf845e2dd <unknown>\n#9 0x561bf845f34e <unknown>\n#10 0x561bf86be3e4 <unknown>\n#11 0x561bf86c23d7 <unknown>\n#12 0x561bf86ccb20 <unknown>\n#13 0x561bf86c3023 <unknown>\n#14 0x561bf86911aa <unknown>\n#15 0x561bf86e76b8 <unknown>\n#16 0x561bf86e7847 <unknown>\n#17 0x561bf86f7243 <unknown>\n#18 0x7f17b260ab43 <unknown>\n\nScreenshot: file:///home/runner/.selene/screenshots/1688995488569/1688995488571.png\nPageSource: file:///home/runner/.selene/screenshots/1688995488569/1688995488571.html","children":[{"name":"test_github","uid":"579ca1f13cc4ee84","parentUid":"839da615075d715a0a85042a52c95e17","status":"failed","time":{"start":1688995505324,"stop":1688995512210,"duration":6886},"flaky":false,"newFailed":false,"newPassed":false,"newBroken":false,"retriesCount":0,"retriesStatusChange":false,"parameters":[]}],"uid":"839da615075d715a0a85042a52c95e17"}],"uid":"8fb3a91ba5aaf9de24cc8a92edc82b5d"}],"name":"categories"}